{"/home/travis/build/npmtest/node-npmtest-sass-loader/test.js":{"path":"/home/travis/build/npmtest/node-npmtest-sass-loader/test.js","s":{"1":2,"2":2,"3":2,"4":2,"5":2,"6":2,"7":2,"8":1,"9":2,"10":2,"11":1,"12":1,"13":1,"14":1,"15":2,"16":2,"17":2,"18":2,"19":1,"20":1,"21":2,"22":2,"23":2,"24":1,"25":1,"26":1,"27":1,"28":1,"29":1,"30":1,"31":1,"32":1,"33":1,"34":1,"35":1,"36":2,"37":2,"38":1,"39":2,"40":2,"41":1,"42":2,"43":2,"44":1,"45":1,"46":1,"47":1,"48":1},"b":{"1":[2,1,1,1],"2":[1,1,1,1],"3":[1,1],"4":[1,1],"5":[1,1],"6":[1,1],"7":[1,1],"8":[1,1],"9":[1,1,1],"10":[1,1],"11":[1,1],"12":[1,1],"13":[1,1],"14":[1,1],"15":[1,1]},"f":{"1":2,"2":2,"3":2,"4":2,"5":2,"6":1,"7":1,"8":2,"9":2,"10":2,"11":1},"fnMap":{"1":{"name":"(anonymous_1)","line":12,"loc":{"start":{"line":12,"column":1},"end":{"line":12,"column":13}}},"2":{"name":"(anonymous_2)","line":19,"loc":{"start":{"line":19,"column":5},"end":{"line":19,"column":17}}},"3":{"name":"(anonymous_3)","line":23,"loc":{"start":{"line":23,"column":24},"end":{"line":23,"column":36}}},"4":{"name":"(anonymous_4)","line":61,"loc":{"start":{"line":61,"column":5},"end":{"line":61,"column":17}}},"5":{"name":"(anonymous_5)","line":82,"loc":{"start":{"line":82,"column":5},"end":{"line":82,"column":17}}},"6":{"name":"(anonymous_6)","line":102,"loc":{"start":{"line":102,"column":83},"end":{"line":105,"column":10}},"skip":true},"7":{"name":"(anonymous_7)","line":113,"loc":{"start":{"line":113,"column":77},"end":{"line":116,"column":10}},"skip":true},"8":{"name":"(anonymous_8)","line":127,"loc":{"start":{"line":127,"column":77},"end":{"line":130,"column":10}},"skip":true},"9":{"name":"(anonymous_9)","line":138,"loc":{"start":{"line":138,"column":83},"end":{"line":141,"column":10}},"skip":true},"10":{"name":"(anonymous_10)","line":149,"loc":{"start":{"line":149,"column":79},"end":{"line":152,"column":10}},"skip":true},"11":{"name":"(anonymous_11)","line":160,"loc":{"start":{"line":160,"column":75},"end":{"line":163,"column":10}},"skip":true}},"statementMap":{"1":{"start":{"line":12,"column":0},"end":{"line":175,"column":5}},"2":{"start":{"line":14,"column":4},"end":{"line":14,"column":14}},"3":{"start":{"line":19,"column":4},"end":{"line":56,"column":9}},"4":{"start":{"line":21,"column":8},"end":{"line":21,"column":19}},"5":{"start":{"line":23,"column":8},"end":{"line":35,"column":13}},"6":{"start":{"line":24,"column":12},"end":{"line":34,"column":13}},"7":{"start":{"line":25,"column":16},"end":{"line":28,"column":30}},"8":{"start":{"line":30,"column":16},"end":{"line":33,"column":27}},"9":{"start":{"line":37,"column":8},"end":{"line":39,"column":21}},"10":{"start":{"line":40,"column":8},"end":{"line":53,"column":9}},"11":{"start":{"line":43,"column":12},"end":{"line":46,"column":14}},"12":{"start":{"line":47,"column":12},"end":{"line":47,"column":18}},"13":{"start":{"line":50,"column":12},"end":{"line":51,"column":46}},"14":{"start":{"line":52,"column":12},"end":{"line":52,"column":18}},"15":{"start":{"line":55,"column":8},"end":{"line":55,"column":35}},"16":{"start":{"line":61,"column":4},"end":{"line":63,"column":9}},"17":{"start":{"line":62,"column":8},"end":{"line":62,"column":15}},"18":{"start":{"line":64,"column":4},"end":{"line":77,"column":5}},"19":{"start":{"line":70,"column":8},"end":{"line":70,"column":14}},"20":{"start":{"line":76,"column":8},"end":{"line":76,"column":14}},"21":{"start":{"line":82,"column":4},"end":{"line":84,"column":9}},"22":{"start":{"line":83,"column":8},"end":{"line":83,"column":15}},"23":{"start":{"line":85,"column":4},"end":{"line":174,"column":5}},"24":{"start":{"line":92,"column":8},"end":{"line":94,"column":63}},"25":{"start":{"line":95,"column":8},"end":{"line":95,"column":14}},"26":{"start":{"line":102,"column":8},"end":{"line":111,"column":10},"skip":true},"27":{"start":{"line":109,"column":12},"end":{"line":109,"column":55},"skip":true},"28":{"start":{"line":110,"column":12},"end":{"line":110,"column":48},"skip":true},"29":{"start":{"line":113,"column":8},"end":{"line":125,"column":10},"skip":true},"30":{"start":{"line":120,"column":12},"end":{"line":120,"column":76},"skip":true},"31":{"start":{"line":121,"column":12},"end":{"line":121,"column":73},"skip":true},"32":{"start":{"line":122,"column":12},"end":{"line":122,"column":74},"skip":true},"33":{"start":{"line":123,"column":12},"end":{"line":123,"column":25},"skip":true},"34":{"start":{"line":124,"column":12},"end":{"line":124,"column":45},"skip":true},"35":{"start":{"line":127,"column":8},"end":{"line":136,"column":10},"skip":true},"36":{"start":{"line":134,"column":12},"end":{"line":134,"column":25},"skip":true},"37":{"start":{"line":135,"column":12},"end":{"line":135,"column":45},"skip":true},"38":{"start":{"line":138,"column":8},"end":{"line":147,"column":10},"skip":true},"39":{"start":{"line":145,"column":12},"end":{"line":145,"column":25},"skip":true},"40":{"start":{"line":146,"column":12},"end":{"line":146,"column":48},"skip":true},"41":{"start":{"line":149,"column":8},"end":{"line":158,"column":10},"skip":true},"42":{"start":{"line":156,"column":12},"end":{"line":156,"column":25},"skip":true},"43":{"start":{"line":157,"column":12},"end":{"line":157,"column":46},"skip":true},"44":{"start":{"line":160,"column":8},"end":{"line":169,"column":10},"skip":true},"45":{"start":{"line":167,"column":12},"end":{"line":167,"column":94},"skip":true},"46":{"start":{"line":168,"column":12},"end":{"line":168,"column":48},"skip":true},"47":{"start":{"line":172,"column":8},"end":{"line":172,"column":35},"skip":true},"48":{"start":{"line":173,"column":8},"end":{"line":173,"column":14},"skip":true}},"branchMap":{"1":{"line":25,"type":"binary-expr","locations":[{"start":{"line":25,"column":23},"end":{"line":25,"column":62}},{"start":{"line":26,"column":20},"end":{"line":26,"column":70}},{"start":{"line":27,"column":20},"end":{"line":27,"column":71}},{"start":{"line":28,"column":20},"end":{"line":28,"column":29}}]},"2":{"line":30,"type":"binary-expr","locations":[{"start":{"line":30,"column":23},"end":{"line":30,"column":37}},{"start":{"line":31,"column":20},"end":{"line":31,"column":61}},{"start":{"line":32,"column":20},"end":{"line":32,"column":70}},{"start":{"line":33,"column":20},"end":{"line":33,"column":26}}]},"3":{"line":37,"type":"cond-expr","locations":[{"start":{"line":38,"column":14},"end":{"line":38,"column":20}},{"start":{"line":39,"column":14},"end":{"line":39,"column":20}}]},"4":{"line":40,"type":"switch","locations":[{"start":{"line":42,"column":8},"end":{"line":47,"column":18}},{"start":{"line":49,"column":8},"end":{"line":52,"column":18}}]},"5":{"line":44,"type":"binary-expr","locations":[{"start":{"line":44,"column":16},"end":{"line":44,"column":44}},{"start":{"line":44,"column":48},"end":{"line":44,"column":66}}]},"6":{"line":50,"type":"binary-expr","locations":[{"start":{"line":50,"column":21},"end":{"line":50,"column":49}},{"start":{"line":50,"column":53},"end":{"line":50,"column":72}}]},"7":{"line":64,"type":"switch","locations":[{"start":{"line":69,"column":4},"end":{"line":70,"column":14}},{"start":{"line":75,"column":4},"end":{"line":76,"column":14}}]},"8":{"line":85,"type":"switch","locations":[{"start":{"line":90,"column":4},"end":{"line":95,"column":14}},{"start":{"line":101,"column":4},"end":{"line":173,"column":14},"skip":true}]},"9":{"line":92,"type":"binary-expr","locations":[{"start":{"line":92,"column":18},"end":{"line":92,"column":32}},{"start":{"line":93,"column":12},"end":{"line":93,"column":53}},{"start":{"line":94,"column":12},"end":{"line":94,"column":61}}]},"10":{"line":102,"type":"binary-expr","locations":[{"start":{"line":102,"column":45},"end":{"line":102,"column":79},"skip":true},{"start":{"line":102,"column":83},"end":{"line":111,"column":9},"skip":true}]},"11":{"line":113,"type":"binary-expr","locations":[{"start":{"line":113,"column":42},"end":{"line":113,"column":73},"skip":true},{"start":{"line":113,"column":77},"end":{"line":125,"column":9},"skip":true}]},"12":{"line":127,"type":"binary-expr","locations":[{"start":{"line":127,"column":42},"end":{"line":127,"column":73},"skip":true},{"start":{"line":127,"column":77},"end":{"line":136,"column":9},"skip":true}]},"13":{"line":138,"type":"binary-expr","locations":[{"start":{"line":138,"column":45},"end":{"line":138,"column":79},"skip":true},{"start":{"line":138,"column":83},"end":{"line":147,"column":9},"skip":true}]},"14":{"line":149,"type":"binary-expr","locations":[{"start":{"line":149,"column":43},"end":{"line":149,"column":75},"skip":true},{"start":{"line":149,"column":79},"end":{"line":158,"column":9},"skip":true}]},"15":{"line":160,"type":"binary-expr","locations":[{"start":{"line":160,"column":41},"end":{"line":160,"column":71},"skip":true},{"start":{"line":160,"column":75},"end":{"line":169,"column":9},"skip":true}]}},"code":["/* istanbul instrument in package npmtest_sass_loader */","/*jslint","    bitwise: true,","    browser: true,","    maxerr: 8,","    maxlen: 96,","    node: true,","    nomen: true,","    regexp: true,","    stupid: true","*/","(function () {","    'use strict';","    var local;","","","","    // run shared js-env code - pre-init","    (function () {","        // init local","        local = {};","        // init modeJs","        local.modeJs = (function () {","            try {","                return typeof navigator.userAgent === 'string' &&","                    typeof document.querySelector('body') === 'object' &&","                    typeof XMLHttpRequest.prototype.open === 'function' &&","                    'browser';","            } catch (errorCaughtBrowser) {","                return module.exports &&","                    typeof process.versions.node === 'string' &&","                    typeof require('http').createServer === 'function' &&","                    'node';","            }","        }());","        // init global","        local.global = local.modeJs === 'browser'","            ? window","            : global;","        switch (local.modeJs) {","        // re-init local from window.local","        case 'browser':","            local = local.global.utility2.objectSetDefault(","                local.global.utility2_rollup || local.global.local,","                local.global.utility2","            );","            break;","        // re-init local from example.js","        case 'node':","            local = (local.global.utility2_rollup || require('utility2'))","                .requireExampleJsFromReadme();","            break;","        }","        // export local","        local.global.local = local;","    }());","","","","    // run shared js-env code - function","    (function () {","        return;","    }());","    switch (local.modeJs) {","","","","    // run browser js-env code - function","    case 'browser':","        break;","","","","    // run node js-env code - function","    case 'node':","        break;","    }","","","","    // run shared js-env code - post-init","    (function () {","        return;","    }());","    switch (local.modeJs) {","","","","    // run browser js-env code - post-init","    case 'browser':","        // run tests","        local.nop(local.modeTest &&","            document.querySelector('#testRunButton1') &&","            document.querySelector('#testRunButton1').click());","        break;","","","","    // run node js-env code - post-init","    /* istanbul ignore next */","    case 'node':","        local.testCase_buildApidoc_default = local.testCase_buildApidoc_default || function (","            options,","            onError","        ) {","        /*","         * this function will test buildApidoc's default handling-behavior-behavior","         */","            options = { modulePathList: module.paths };","            local.buildApidoc(options, onError);","        };","","        local.testCase_buildApp_default = local.testCase_buildApp_default || function (","            options,","            onError","        ) {","        /*","         * this function will test buildApp's default handling-behavior-behavior","         */","            local.testCase_buildReadme_default(options, local.onErrorThrow);","            local.testCase_buildLib_default(options, local.onErrorThrow);","            local.testCase_buildTest_default(options, local.onErrorThrow);","            options = [];","            local.buildApp(options, onError);","        };","","        local.testCase_buildLib_default = local.testCase_buildLib_default || function (","            options,","            onError","        ) {","        /*","         * this function will test buildLib's default handling-behavior","         */","            options = {};","            local.buildLib(options, onError);","        };","","        local.testCase_buildReadme_default = local.testCase_buildReadme_default || function (","            options,","            onError","        ) {","        /*","         * this function will test buildReadme's default handling-behavior-behavior","         */","            options = {};","            local.buildReadme(options, onError);","        };","","        local.testCase_buildTest_default = local.testCase_buildTest_default || function (","            options,","            onError","        ) {","        /*","         * this function will test buildTest's default handling-behavior","         */","            options = {};","            local.buildTest(options, onError);","        };","","        local.testCase_webpage_default = local.testCase_webpage_default || function (","            options,","            onError","        ) {","        /*","         * this function will test webpage's default handling-behavior","         */","            options = { modeCoverageMerge: true, url: local.serverLocalHost + '?modeTest=1' };","            local.browserTest(options, onError);","        };","","        // run test-server","        local.testRunServer(local);","        break;","    }","}());",""],"l":{"12":2,"14":2,"19":2,"21":2,"23":2,"24":2,"25":2,"30":1,"37":2,"40":2,"43":1,"47":1,"50":1,"52":1,"55":2,"61":2,"62":2,"64":2,"70":1,"76":1,"82":2,"83":2,"85":2,"92":1,"95":1,"102":1,"109":1,"110":1,"113":1,"120":1,"121":1,"122":1,"123":1,"124":1,"127":1,"134":2,"135":2,"138":1,"145":2,"146":2,"149":1,"156":2,"157":2,"160":1,"167":1,"168":1,"172":1,"173":1}},"/home/travis/build/npmtest/node-npmtest-sass-loader/lib.npmtest_sass_loader.js":{"path":"/home/travis/build/npmtest/node-npmtest-sass-loader/lib.npmtest_sass_loader.js","s":{"1":2,"2":2,"3":2,"4":2,"5":2,"6":2,"7":2,"8":1,"9":2,"10":2,"11":2,"12":2,"13":1,"14":1,"15":1,"16":1},"b":{"1":[2,1,1,1],"2":[1,1,1,1],"3":[1,1],"4":[2,2],"5":[1,1]},"f":{"1":2,"2":2,"3":2},"fnMap":{"1":{"name":"(anonymous_1)","line":12,"loc":{"start":{"line":12,"column":1},"end":{"line":12,"column":13}}},"2":{"name":"(anonymous_2)","line":19,"loc":{"start":{"line":19,"column":5},"end":{"line":19,"column":17}}},"3":{"name":"(anonymous_3)","line":23,"loc":{"start":{"line":23,"column":24},"end":{"line":23,"column":36}}}},"statementMap":{"1":{"start":{"line":12,"column":0},"end":{"line":53,"column":5}},"2":{"start":{"line":14,"column":4},"end":{"line":14,"column":14}},"3":{"start":{"line":19,"column":4},"end":{"line":52,"column":9}},"4":{"start":{"line":21,"column":8},"end":{"line":21,"column":19}},"5":{"start":{"line":23,"column":8},"end":{"line":35,"column":13}},"6":{"start":{"line":24,"column":12},"end":{"line":34,"column":13}},"7":{"start":{"line":25,"column":16},"end":{"line":28,"column":30}},"8":{"start":{"line":30,"column":16},"end":{"line":33,"column":27}},"9":{"start":{"line":37,"column":8},"end":{"line":39,"column":21}},"10":{"start":{"line":41,"column":8},"end":{"line":41,"column":54}},"11":{"start":{"line":43,"column":8},"end":{"line":43,"column":56}},"12":{"start":{"line":45,"column":8},"end":{"line":51,"column":9}},"13":{"start":{"line":46,"column":12},"end":{"line":46,"column":62}},"14":{"start":{"line":48,"column":12},"end":{"line":48,"column":35}},"15":{"start":{"line":49,"column":12},"end":{"line":49,"column":49}},"16":{"start":{"line":50,"column":12},"end":{"line":50,"column":43}}},"branchMap":{"1":{"line":25,"type":"binary-expr","locations":[{"start":{"line":25,"column":23},"end":{"line":25,"column":62}},{"start":{"line":26,"column":20},"end":{"line":26,"column":70}},{"start":{"line":27,"column":20},"end":{"line":27,"column":71}},{"start":{"line":28,"column":20},"end":{"line":28,"column":29}}]},"2":{"line":30,"type":"binary-expr","locations":[{"start":{"line":30,"column":23},"end":{"line":30,"column":37}},{"start":{"line":31,"column":20},"end":{"line":31,"column":61}},{"start":{"line":32,"column":20},"end":{"line":32,"column":70}},{"start":{"line":33,"column":20},"end":{"line":33,"column":26}}]},"3":{"line":37,"type":"cond-expr","locations":[{"start":{"line":38,"column":14},"end":{"line":38,"column":20}},{"start":{"line":39,"column":14},"end":{"line":39,"column":20}}]},"4":{"line":41,"type":"binary-expr","locations":[{"start":{"line":41,"column":16},"end":{"line":41,"column":44}},{"start":{"line":41,"column":48},"end":{"line":41,"column":53}}]},"5":{"line":45,"type":"if","locations":[{"start":{"line":45,"column":8},"end":{"line":45,"column":8}},{"start":{"line":45,"column":8},"end":{"line":45,"column":8}}]}},"code":["/* istanbul instrument in package npmtest_sass_loader */","/*jslint","    bitwise: true,","    browser: true,","    maxerr: 8,","    maxlen: 96,","    node: true,","    nomen: true,","    regexp: true,","    stupid: true","*/","(function () {","    'use strict';","    var local;","","","","    // run shared js-env code - pre-init","    (function () {","        // init local","        local = {};","        // init modeJs","        local.modeJs = (function () {","            try {","                return typeof navigator.userAgent === 'string' &&","                    typeof document.querySelector('body') === 'object' &&","                    typeof XMLHttpRequest.prototype.open === 'function' &&","                    'browser';","            } catch (errorCaughtBrowser) {","                return module.exports &&","                    typeof process.versions.node === 'string' &&","                    typeof require('http').createServer === 'function' &&","                    'node';","            }","        }());","        // init global","        local.global = local.modeJs === 'browser'","            ? window","            : global;","        // init utility2_rollup","        local = local.global.utility2_rollup || local;","        // init lib","        local.local = local.npmtest_sass_loader = local;","        // init exports","        if (local.modeJs === 'browser') {","            local.global.utility2_npmtest_sass_loader = local;","        } else {","            module.exports = local;","            module.exports.__dirname = __dirname;","            module.exports.module = module;","        }","    }());","}());",""],"l":{"12":2,"14":2,"19":2,"21":2,"23":2,"24":2,"25":2,"30":1,"37":2,"41":2,"43":2,"45":2,"46":1,"48":1,"49":1,"50":1}},"/home/travis/build/npmtest/node-npmtest-sass-loader/example.js":{"path":"/home/travis/build/npmtest/node-npmtest-sass-loader/example.js","s":{"1":2,"2":2,"3":2,"4":2,"5":2,"6":2,"7":2,"8":1,"9":2,"10":2,"11":2,"12":2,"13":1,"14":2,"15":2,"16":2,"17":2,"18":2,"19":0,"20":2,"21":1,"22":1,"23":1,"24":1,"25":1,"26":0,"27":0,"28":1,"29":1,"30":2,"31":0,"32":0,"33":0,"34":1,"35":2,"36":2,"37":2,"38":2,"39":2,"40":2,"41":0,"42":2,"43":2,"44":2,"45":1,"46":3,"47":1,"48":1,"49":1,"50":1,"51":1,"52":1,"53":1,"54":1,"55":1,"56":1,"57":0,"58":1,"59":6,"60":6,"61":1,"62":2,"63":0,"64":2,"65":1,"66":1,"67":0,"68":0,"69":0,"70":0,"71":0,"72":0,"73":0,"74":0,"75":0,"76":0,"77":0,"78":0,"79":0,"80":0,"81":0,"82":0,"83":0},"b":{"1":[2,1,1,1],"2":[1,1,1,1],"3":[1,1],"4":[2,2],"5":[1,1],"6":[1,1],"7":[2,0],"8":[2,1,1,1,1,1],"9":[0,2,0],"10":[1,1],"11":[2,1,1],"12":[1,0],"13":[0,2],"14":[2,0,0,0,0,0,0],"15":[0,2],"16":[2,0],"17":[1,1],"18":[0,1],"19":[1,2,0,2],"20":[1,0],"21":[1,1],"22":[0,0],"23":[0,0],"24":[0,0],"25":[0,0],"26":[0,0],"27":[0,0],"28":[0,0]},"f":{"1":2,"2":2,"3":2,"4":2,"5":2,"6":2,"7":2,"8":2,"9":3,"10":1,"11":6,"12":0},"fnMap":{"1":{"name":"(anonymous_1)","line":26,"loc":{"start":{"line":26,"column":1},"end":{"line":26,"column":13}}},"2":{"name":"(anonymous_2)","line":33,"loc":{"start":{"line":33,"column":5},"end":{"line":33,"column":17}}},"3":{"name":"(anonymous_3)","line":37,"loc":{"start":{"line":37,"column":24},"end":{"line":37,"column":36}}},"4":{"name":"(anonymous_4)","line":69,"loc":{"start":{"line":69,"column":31},"end":{"line":69,"column":48}},"skip":true},"5":{"name":"(anonymous_5)","line":78,"loc":{"start":{"line":78,"column":26},"end":{"line":78,"column":45}},"skip":true},"6":{"name":"(anonymous_6)","line":123,"loc":{"start":{"line":123,"column":33},"end":{"line":123,"column":48}},"skip":true},"7":{"name":"(anonymous_7)","line":125,"loc":{"start":{"line":125,"column":27},"end":{"line":125,"column":39}},"skip":true},"8":{"name":"(anonymous_8)","line":133,"loc":{"start":{"line":133,"column":59},"end":{"line":133,"column":74}},"skip":true},"9":{"name":"(anonymous_9)","line":143,"loc":{"start":{"line":143,"column":45},"end":{"line":143,"column":62}},"skip":true},"10":{"name":"(anonymous_10)","line":144,"loc":{"start":{"line":144,"column":73},"end":{"line":144,"column":92}},"skip":true},"11":{"name":"(anonymous_11)","line":272,"loc":{"start":{"line":272,"column":51},"end":{"line":272,"column":77}},"skip":true},"12":{"name":"(anonymous_12)","line":314,"loc":{"start":{"line":314,"column":32},"end":{"line":314,"column":61}},"skip":true}},"statementMap":{"1":{"start":{"line":26,"column":0},"end":{"line":325,"column":5}},"2":{"start":{"line":28,"column":4},"end":{"line":28,"column":14}},"3":{"start":{"line":33,"column":4},"end":{"line":60,"column":9}},"4":{"start":{"line":35,"column":8},"end":{"line":35,"column":19}},"5":{"start":{"line":37,"column":8},"end":{"line":49,"column":13}},"6":{"start":{"line":38,"column":12},"end":{"line":48,"column":13}},"7":{"start":{"line":39,"column":16},"end":{"line":42,"column":30}},"8":{"start":{"line":44,"column":16},"end":{"line":47,"column":27}},"9":{"start":{"line":51,"column":8},"end":{"line":53,"column":21}},"10":{"start":{"line":55,"column":8},"end":{"line":57,"column":45}},"11":{"start":{"line":59,"column":8},"end":{"line":59,"column":35}},"12":{"start":{"line":61,"column":4},"end":{"line":324,"column":5}},"13":{"start":{"line":69,"column":8},"end":{"line":121,"column":10},"skip":true},"14":{"start":{"line":70,"column":12},"end":{"line":88,"column":13},"skip":true},"15":{"start":{"line":76,"column":16},"end":{"line":87,"column":19},"skip":true},"16":{"start":{"line":79,"column":20},"end":{"line":86,"column":21},"skip":true},"17":{"start":{"line":82,"column":24},"end":{"line":82,"column":43},"skip":true},"18":{"start":{"line":83,"column":24},"end":{"line":83,"column":30},"skip":true},"19":{"start":{"line":85,"column":24},"end":{"line":85,"column":49},"skip":true},"20":{"start":{"line":89,"column":12},"end":{"line":107,"column":13},"skip":true},"21":{"start":{"line":92,"column":16},"end":{"line":102,"column":17},"skip":true},"22":{"start":{"line":93,"column":20},"end":{"line":93,"column":86},"skip":true},"23":{"start":{"line":94,"column":20},"end":{"line":95,"column":45},"skip":true},"24":{"start":{"line":96,"column":20},"end":{"line":96,"column":42},"skip":true},"25":{"start":{"line":97,"column":20},"end":{"line":97,"column":48},"skip":true},"26":{"start":{"line":100,"column":20},"end":{"line":100,"column":85},"skip":true},"27":{"start":{"line":101,"column":20},"end":{"line":101,"column":96},"skip":true},"28":{"start":{"line":103,"column":16},"end":{"line":103,"column":22},"skip":true},"29":{"start":{"line":106,"column":16},"end":{"line":106,"column":22},"skip":true},"30":{"start":{"line":108,"column":12},"end":{"line":120,"column":13},"skip":true},"31":{"start":{"line":114,"column":16},"end":{"line":119,"column":17},"skip":true},"32":{"start":{"line":116,"column":20},"end":{"line":116,"column":78},"skip":true},"33":{"start":{"line":118,"column":20},"end":{"line":118,"column":53},"skip":true},"34":{"start":{"line":123,"column":8},"end":{"line":141,"column":11},"skip":true},"35":{"start":{"line":124,"column":12},"end":{"line":124,"column":54},"skip":true},"36":{"start":{"line":125,"column":12},"end":{"line":140,"column":14},"skip":true},"37":{"start":{"line":126,"column":16},"end":{"line":126,"column":28},"skip":true},"38":{"start":{"line":127,"column":16},"end":{"line":127,"column":69},"skip":true},"39":{"start":{"line":128,"column":16},"end":{"line":128,"column":75},"skip":true},"40":{"start":{"line":129,"column":16},"end":{"line":131,"column":17},"skip":true},"41":{"start":{"line":130,"column":20},"end":{"line":130,"column":27},"skip":true},"42":{"start":{"line":133,"column":16},"end":{"line":137,"column":36},"skip":true},"43":{"start":{"line":134,"column":20},"end":{"line":136,"column":55},"skip":true},"44":{"start":{"line":139,"column":16},"end":{"line":139,"column":57},"skip":true},"45":{"start":{"line":143,"column":8},"end":{"line":147,"column":11},"skip":true},"46":{"start":{"line":144,"column":12},"end":{"line":146,"column":15},"skip":true},"47":{"start":{"line":145,"column":16},"end":{"line":145,"column":70},"skip":true},"48":{"start":{"line":149,"column":8},"end":{"line":149,"column":31},"skip":true},"49":{"start":{"line":150,"column":8},"end":{"line":150,"column":14},"skip":true},"50":{"start":{"line":158,"column":8},"end":{"line":158,"column":31},"skip":true},"51":{"start":{"line":160,"column":8},"end":{"line":160,"column":33},"skip":true},"52":{"start":{"line":161,"column":8},"end":{"line":161,"column":37},"skip":true},"53":{"start":{"line":162,"column":8},"end":{"line":162,"column":35},"skip":true},"54":{"start":{"line":164,"column":8},"end":{"line":164,"column":50},"skip":true},"55":{"start":{"line":166,"column":8},"end":{"line":256,"column":2},"skip":true},"56":{"start":{"line":258,"column":8},"end":{"line":286,"column":9},"skip":true},"57":{"start":{"line":259,"column":12},"end":{"line":269,"column":14},"skip":true},"58":{"start":{"line":271,"column":12},"end":{"line":285,"column":19},"skip":true},"59":{"start":{"line":274,"column":20},"end":{"line":274,"column":35},"skip":true},"60":{"start":{"line":275,"column":20},"end":{"line":284,"column":21},"skip":true},"61":{"start":{"line":277,"column":24},"end":{"line":277,"column":64},"skip":true},"62":{"start":{"line":279,"column":24},"end":{"line":279,"column":40},"skip":true},"63":{"start":{"line":281,"column":24},"end":{"line":281,"column":40},"skip":true},"64":{"start":{"line":283,"column":24},"end":{"line":283,"column":39},"skip":true},"65":{"start":{"line":288,"column":8},"end":{"line":290,"column":9},"skip":true},"66":{"start":{"line":289,"column":12},"end":{"line":289,"column":18},"skip":true},"67":{"start":{"line":291,"column":8},"end":{"line":293,"column":54},"skip":true},"68":{"start":{"line":294,"column":8},"end":{"line":301,"column":37},"skip":true},"69":{"start":{"line":302,"column":8},"end":{"line":302,"column":82},"skip":true},"70":{"start":{"line":305,"column":8},"end":{"line":307,"column":9},"skip":true},"71":{"start":{"line":306,"column":12},"end":{"line":306,"column":82},"skip":true},"72":{"start":{"line":309,"column":8},"end":{"line":311,"column":9},"skip":true},"73":{"start":{"line":310,"column":12},"end":{"line":310,"column":18},"skip":true},"74":{"start":{"line":312,"column":8},"end":{"line":312,"column":54},"skip":true},"75":{"start":{"line":313,"column":8},"end":{"line":313,"column":69},"skip":true},"76":{"start":{"line":314,"column":8},"end":{"line":322,"column":36},"skip":true},"77":{"start":{"line":315,"column":12},"end":{"line":315,"column":61},"skip":true},"78":{"start":{"line":316,"column":12},"end":{"line":319,"column":13},"skip":true},"79":{"start":{"line":317,"column":16},"end":{"line":317,"column":75},"skip":true},"80":{"start":{"line":318,"column":16},"end":{"line":318,"column":23},"skip":true},"81":{"start":{"line":320,"column":12},"end":{"line":320,"column":38},"skip":true},"82":{"start":{"line":321,"column":12},"end":{"line":321,"column":27},"skip":true},"83":{"start":{"line":323,"column":8},"end":{"line":323,"column":14},"skip":true}},"branchMap":{"1":{"line":39,"type":"binary-expr","locations":[{"start":{"line":39,"column":23},"end":{"line":39,"column":62}},{"start":{"line":40,"column":20},"end":{"line":40,"column":70}},{"start":{"line":41,"column":20},"end":{"line":41,"column":71}},{"start":{"line":42,"column":20},"end":{"line":42,"column":29}}]},"2":{"line":44,"type":"binary-expr","locations":[{"start":{"line":44,"column":23},"end":{"line":44,"column":37}},{"start":{"line":45,"column":20},"end":{"line":45,"column":61}},{"start":{"line":46,"column":20},"end":{"line":46,"column":70}},{"start":{"line":47,"column":20},"end":{"line":47,"column":26}}]},"3":{"line":51,"type":"cond-expr","locations":[{"start":{"line":52,"column":14},"end":{"line":52,"column":20}},{"start":{"line":53,"column":14},"end":{"line":53,"column":20}}]},"4":{"line":55,"type":"binary-expr","locations":[{"start":{"line":55,"column":16},"end":{"line":55,"column":44}},{"start":{"line":55,"column":49},"end":{"line":57,"column":43}}]},"5":{"line":55,"type":"cond-expr","locations":[{"start":{"line":56,"column":14},"end":{"line":56,"column":55}},{"start":{"line":57,"column":14},"end":{"line":57,"column":43}}]},"6":{"line":61,"type":"switch","locations":[{"start":{"line":68,"column":4},"end":{"line":150,"column":14},"skip":true},{"start":{"line":156,"column":4},"end":{"line":323,"column":14},"skip":true}]},"7":{"line":70,"type":"if","locations":[{"start":{"line":70,"column":12},"end":{"line":70,"column":12},"skip":true},{"start":{"line":70,"column":12},"end":{"line":70,"column":12},"skip":true}]},"8":{"line":70,"type":"binary-expr","locations":[{"start":{"line":70,"column":16},"end":{"line":70,"column":22},"skip":true},{"start":{"line":70,"column":27},"end":{"line":70,"column":32},"skip":true},{"start":{"line":71,"column":20},"end":{"line":71,"column":39},"skip":true},{"start":{"line":72,"column":20},"end":{"line":72,"column":49},"skip":true},{"start":{"line":73,"column":20},"end":{"line":73,"column":58},"skip":true},{"start":{"line":74,"column":20},"end":{"line":74,"column":69},"skip":true}]},"9":{"line":79,"type":"switch","locations":[{"start":{"line":80,"column":20},"end":{"line":80,"column":33},"skip":true},{"start":{"line":81,"column":20},"end":{"line":83,"column":30},"skip":true},{"start":{"line":84,"column":20},"end":{"line":85,"column":49},"skip":true}]},"10":{"line":89,"type":"switch","locations":[{"start":{"line":90,"column":12},"end":{"line":103,"column":22},"skip":true},{"start":{"line":105,"column":12},"end":{"line":106,"column":22},"skip":true}]},"11":{"line":89,"type":"binary-expr","locations":[{"start":{"line":89,"column":20},"end":{"line":89,"column":25},"skip":true},{"start":{"line":89,"column":29},"end":{"line":89,"column":48},"skip":true},{"start":{"line":89,"column":52},"end":{"line":89,"column":74},"skip":true}]},"12":{"line":92,"type":"if","locations":[{"start":{"line":92,"column":16},"end":{"line":92,"column":16},"skip":true},{"start":{"line":92,"column":16},"end":{"line":92,"column":16},"skip":true}]},"13":{"line":108,"type":"if","locations":[{"start":{"line":108,"column":12},"end":{"line":108,"column":12},"skip":true},{"start":{"line":108,"column":12},"end":{"line":108,"column":12},"skip":true}]},"14":{"line":108,"type":"binary-expr","locations":[{"start":{"line":108,"column":16},"end":{"line":108,"column":61},"skip":true},{"start":{"line":108,"column":66},"end":{"line":108,"column":72},"skip":true},{"start":{"line":108,"column":77},"end":{"line":108,"column":82},"skip":true},{"start":{"line":109,"column":20},"end":{"line":109,"column":39},"skip":true},{"start":{"line":110,"column":20},"end":{"line":110,"column":49},"skip":true},{"start":{"line":111,"column":20},"end":{"line":111,"column":58},"skip":true},{"start":{"line":112,"column":20},"end":{"line":112,"column":68},"skip":true}]},"15":{"line":129,"type":"if","locations":[{"start":{"line":129,"column":16},"end":{"line":129,"column":16},"skip":true},{"start":{"line":129,"column":16},"end":{"line":129,"column":16},"skip":true}]},"16":{"line":134,"type":"cond-expr","locations":[{"start":{"line":135,"column":26},"end":{"line":135,"column":29},"skip":true},{"start":{"line":136,"column":26},"end":{"line":136,"column":54},"skip":true}]},"17":{"line":164,"type":"binary-expr","locations":[{"start":{"line":164,"column":27},"end":{"line":164,"column":43},"skip":true},{"start":{"line":164,"column":47},"end":{"line":164,"column":49},"skip":true}]},"18":{"line":258,"type":"if","locations":[{"start":{"line":258,"column":8},"end":{"line":258,"column":8},"skip":true},{"start":{"line":258,"column":8},"end":{"line":258,"column":8},"skip":true}]},"19":{"line":275,"type":"switch","locations":[{"start":{"line":276,"column":20},"end":{"line":277,"column":64},"skip":true},{"start":{"line":278,"column":20},"end":{"line":279,"column":40},"skip":true},{"start":{"line":280,"column":20},"end":{"line":281,"column":40},"skip":true},{"start":{"line":282,"column":20},"end":{"line":283,"column":39},"skip":true}]},"20":{"line":288,"type":"if","locations":[{"start":{"line":288,"column":8},"end":{"line":288,"column":8},"skip":true},{"start":{"line":288,"column":8},"end":{"line":288,"column":8},"skip":true}]},"21":{"line":288,"type":"binary-expr","locations":[{"start":{"line":288,"column":12},"end":{"line":288,"column":40},"skip":true},{"start":{"line":288,"column":44},"end":{"line":288,"column":67},"skip":true}]},"22":{"line":292,"type":"binary-expr","locations":[{"start":{"line":292,"column":12},"end":{"line":292,"column":50},"skip":true},{"start":{"line":293,"column":12},"end":{"line":293,"column":53},"skip":true}]},"23":{"line":295,"type":"binary-expr","locations":[{"start":{"line":295,"column":12},"end":{"line":295,"column":69},"skip":true},{"start":{"line":296,"column":12},"end":{"line":301,"column":36},"skip":true}]},"24":{"line":302,"type":"binary-expr","locations":[{"start":{"line":302,"column":43},"end":{"line":302,"column":75},"skip":true},{"start":{"line":302,"column":79},"end":{"line":302,"column":81},"skip":true}]},"25":{"line":305,"type":"if","locations":[{"start":{"line":305,"column":8},"end":{"line":305,"column":8},"skip":true},{"start":{"line":305,"column":8},"end":{"line":305,"column":8},"skip":true}]},"26":{"line":309,"type":"if","locations":[{"start":{"line":309,"column":8},"end":{"line":309,"column":8},"skip":true},{"start":{"line":309,"column":8},"end":{"line":309,"column":8},"skip":true}]},"27":{"line":312,"type":"binary-expr","locations":[{"start":{"line":312,"column":27},"end":{"line":312,"column":43},"skip":true},{"start":{"line":312,"column":47},"end":{"line":312,"column":53},"skip":true}]},"28":{"line":316,"type":"if","locations":[{"start":{"line":316,"column":12},"end":{"line":316,"column":12},"skip":true},{"start":{"line":316,"column":12},"end":{"line":316,"column":12},"skip":true}]}},"code":["/*","example.js","","quickstart example","","instruction","    1. save this script as example.js","    2. run the shell command:","        $ npm install npmtest-sass-loader && PORT=8081 node example.js","    3. play with the browser-demo on http://127.0.0.1:8081","*/","","","","/* istanbul instrument in package npmtest_sass_loader */","/*jslint","    bitwise: true,","    browser: true,","    maxerr: 8,","    maxlen: 96,","    node: true,","    nomen: true,","    regexp: true,","    stupid: true","*/","(function () {","    'use strict';","    var local;","","","","    // run shared js-env code - pre-init","    (function () {","        // init local","        local = {};","        // init modeJs","        local.modeJs = (function () {","            try {","                return typeof navigator.userAgent === 'string' &&","                    typeof document.querySelector('body') === 'object' &&","                    typeof XMLHttpRequest.prototype.open === 'function' &&","                    'browser';","            } catch (errorCaughtBrowser) {","                return module.exports &&","                    typeof process.versions.node === 'string' &&","                    typeof require('http').createServer === 'function' &&","                    'node';","            }","        }());","        // init global","        local.global = local.modeJs === 'browser'","            ? window","            : global;","        // init utility2_rollup","        local = local.global.utility2_rollup || (local.modeJs === 'browser'","            ? local.global.utility2_npmtest_sass_loader","            : global.utility2_moduleExports);","        // export local","        local.global.local = local;","    }());","    switch (local.modeJs) {","","","","    // post-init","    // run browser js-env code - post-init","    /* istanbul ignore next */","    case 'browser':","        local.testRunBrowser = function (event) {","            if (!event || (event &&","                    event.currentTarget &&","                    event.currentTarget.className &&","                    event.currentTarget.className.includes &&","                    event.currentTarget.className.includes('onreset'))) {","                // reset output","                Array.from(","                    document.querySelectorAll('body > .resettable')","                ).forEach(function (element) {","                    switch (element.tagName) {","                    case 'INPUT':","                    case 'TEXTAREA':","                        element.value = '';","                        break;","                    default:","                        element.textContent = '';","                    }","                });","            }","            switch (event && event.currentTarget && event.currentTarget.id) {","            case 'testRunButton1':","                // show tests","                if (document.querySelector('#testReportDiv1').style.display === 'none') {","                    document.querySelector('#testReportDiv1').style.display = 'block';","                    document.querySelector('#testRunButton1').textContent =","                        'hide internal test';","                    local.modeTest = true;","                    local.testRunDefault(local);","                // hide tests","                } else {","                    document.querySelector('#testReportDiv1').style.display = 'none';","                    document.querySelector('#testRunButton1').textContent = 'run internal test';","                }","                break;","            // custom-case","            default:","                break;","            }","            if (document.querySelector('#inputTextareaEval1') && (!event || (event &&","                    event.currentTarget &&","                    event.currentTarget.className &&","                    event.currentTarget.className.includes &&","                    event.currentTarget.className.includes('oneval')))) {","                // try to eval input-code","                try {","                    /*jslint evil: true*/","                    eval(document.querySelector('#inputTextareaEval1').value);","                } catch (errorCaught) {","                    console.error(errorCaught.stack);","                }","            }","        };","        // log stderr and stdout to #outputTextareaStdout1","        ['error', 'log'].forEach(function (key) {","            console[key + '_original'] = console[key];","            console[key] = function () {","                var element;","                console[key + '_original'].apply(console, arguments);","                element = document.querySelector('#outputTextareaStdout1');","                if (!element) {","                    return;","                }","                // append text to #outputTextareaStdout1","                element.value += Array.from(arguments).map(function (arg) {","                    return typeof arg === 'string'","                        ? arg","                        : JSON.stringify(arg, null, 4);","                }).join(' ') + '\\n';","                // scroll textarea to bottom","                element.scrollTop = element.scrollHeight;","            };","        });","        // init event-handling","        ['change', 'click', 'keyup'].forEach(function (event) {","            Array.from(document.querySelectorAll('.on' + event)).forEach(function (element) {","                element.addEventListener(event, local.testRunBrowser);","            });","        });","        // run tests","        local.testRunBrowser();","        break;","","","","    // run node js-env code - post-init","    /* istanbul ignore next */","    case 'node':","        // export local","        module.exports = local;","        // require modules","        local.fs = require('fs');","        local.http = require('http');","        local.url = require('url');","        // init assets","        local.assetsDict = local.assetsDict || {};","        /* jslint-ignore-begin */","        local.assetsDict['/assets.index.template.html'] = '\\","<!doctype html>\\n\\","<html lang=\"en\">\\n\\","<head>\\n\\","<meta charset=\"UTF-8\">\\n\\","<meta name=\"viewport\" content=\"width=device-width, initial-scale=1\">\\n\\","<title>{{env.npm_package_name}} (v{{env.npm_package_version}})</title>\\n\\","<style>\\n\\","/*csslint\\n\\","    box-sizing: false,\\n\\","    universal-selector: false\\n\\","*/\\n\\","* {\\n\\","    box-sizing: border-box;\\n\\","}\\n\\","body {\\n\\","    background: #dde;\\n\\","    font-family: Arial, Helvetica, sans-serif;\\n\\","    margin: 2rem;\\n\\","}\\n\\","body > * {\\n\\","    margin-bottom: 1rem;\\n\\","}\\n\\",".utility2FooterDiv {\\n\\","    margin-top: 20px;\\n\\","    text-align: center;\\n\\","}\\n\\","</style>\\n\\","<style>\\n\\","/*csslint\\n\\","*/\\n\\","textarea {\\n\\","    font-family: monospace;\\n\\","    height: 10rem;\\n\\","    width: 100%;\\n\\","}\\n\\","textarea[readonly] {\\n\\","    background: #ddd;\\n\\","}\\n\\","</style>\\n\\","</head>\\n\\","<body>\\n\\","<!-- utility2-comment\\n\\","<div id=\"ajaxProgressDiv1\" style=\"background: #d00; height: 2px; left: 0; margin: 0; padding: 0; position: fixed; top: 0; transition: background 0.5s, width 1.5s; width: 25%;\"></div>\\n\\","utility2-comment -->\\n\\","<h1>\\n\\","<!-- utility2-comment\\n\\","    <a\\n\\","        {{#if env.npm_package_homepage}}\\n\\","        href=\"{{env.npm_package_homepage}}\"\\n\\","        {{/if env.npm_package_homepage}}\\n\\","        target=\"_blank\"\\n\\","    >\\n\\","utility2-comment -->\\n\\","        {{env.npm_package_name}} (v{{env.npm_package_version}})\\n\\","<!-- utility2-comment\\n\\","    </a>\\n\\","utility2-comment -->\\n\\","</h1>\\n\\","<h3>{{env.npm_package_description}}</h3>\\n\\","<!-- utility2-comment\\n\\","<h4><a download href=\"assets.app.js\">download standalone app</a></h4>\\n\\","<button class=\"onclick onreset\" id=\"testRunButton1\">run internal test</button><br>\\n\\","<div id=\"testReportDiv1\" style=\"display: none;\"></div>\\n\\","utility2-comment -->\\n\\","\\n\\","\\n\\","\\n\\","<label>stderr and stdout</label>\\n\\","<textarea class=\"resettable\" id=\"outputTextareaStdout1\" readonly></textarea>\\n\\","<!-- utility2-comment\\n\\","{{#if isRollup}}\\n\\","<script src=\"assets.app.js\"></script>\\n\\","{{#unless isRollup}}\\n\\","utility2-comment -->\\n\\","<script src=\"assets.utility2.rollup.js\"></script>\\n\\","<script src=\"jsonp.utility2._stateInit?callback=window.utility2._stateInit\"></script>\\n\\","<script src=\"assets.npmtest_sass_loader.rollup.js\"></script>\\n\\","<script src=\"assets.example.js\"></script>\\n\\","<script src=\"assets.test.js\"></script>\\n\\","<!-- utility2-comment\\n\\","{{/if isRollup}}\\n\\","utility2-comment -->\\n\\","<div class=\"utility2FooterDiv\">\\n\\","    [ this app was created with\\n\\","    <a href=\"https://github.com/kaizhu256/node-utility2\" target=\"_blank\">utility2</a>\\n\\","    ]\\n\\","</div>\\n\\","</body>\\n\\","</html>\\n\\","';","        /* jslint-ignore-end */","        if (local.templateRender) {","            local.assetsDict['/'] = local.templateRender(","                local.assetsDict['/assets.index.template.html'],","                {","                    env: local.objectSetDefault(local.env, {","                        npm_package_description: 'the greatest app in the world!',","                        npm_package_name: 'my-app',","                        npm_package_nameAlias: 'my_app',","                        npm_package_version: '0.0.1'","                    })","                }","            );","        } else {","            local.assetsDict['/'] = local.assetsDict['/assets.index.template.html']","                .replace((/\\{\\{env\\.(\\w+?)\\}\\}/g), function (match0, match1) {","                    // jslint-hack","                    String(match0);","                    switch (match1) {","                    case 'npm_package_description':","                        return 'the greatest app in the world!';","                    case 'npm_package_name':","                        return 'my-app';","                    case 'npm_package_nameAlias':","                        return 'my_app';","                    case 'npm_package_version':","                        return '0.0.1';","                    }","                });","        }","        // run the cli","        if (local.global.utility2_rollup || module !== require.main) {","            break;","        }","        local.assetsDict['/assets.example.js'] =","            local.assetsDict['/assets.example.js'] ||","            local.fs.readFileSync(__filename, 'utf8');","        local.assetsDict['/assets.npmtest_sass_loader.rollup.js'] =","            local.assetsDict['/assets.npmtest_sass_loader.rollup.js'] ||","            local.fs.readFileSync(","                // buildCustomOrg-hack","                local.npmtest_sass_loader.__dirname +","                    '/lib.npmtest_sass_loader.js',","                'utf8'","            ).replace((/^#!/), '//');","        local.assetsDict['/favicon.ico'] = local.assetsDict['/favicon.ico'] || '';","        // if $npm_config_timeout_exit exists,","        // then exit this process after $npm_config_timeout_exit ms","        if (Number(process.env.npm_config_timeout_exit)) {","            setTimeout(process.exit, Number(process.env.npm_config_timeout_exit));","        }","        // start server","        if (local.global.utility2_serverHttp1) {","            break;","        }","        process.env.PORT = process.env.PORT || '8081';","        console.error('server starting on port ' + process.env.PORT);","        local.http.createServer(function (request, response) {","            request.urlParsed = local.url.parse(request.url);","            if (local.assetsDict[request.urlParsed.pathname] !== undefined) {","                response.end(local.assetsDict[request.urlParsed.pathname]);","                return;","            }","            response.statusCode = 404;","            response.end();","        }).listen(process.env.PORT);","        break;","    }","}());",""],"l":{"26":2,"28":2,"33":2,"35":2,"37":2,"38":2,"39":2,"44":1,"51":2,"55":2,"59":2,"61":2,"69":1,"70":2,"76":2,"79":2,"82":2,"83":2,"85":1,"89":2,"92":1,"93":1,"94":1,"96":1,"97":1,"100":1,"101":1,"103":1,"106":1,"108":2,"114":1,"116":1,"118":1,"123":1,"124":2,"125":2,"126":2,"127":2,"128":2,"129":2,"130":1,"133":2,"134":2,"139":2,"143":1,"144":3,"145":1,"149":1,"150":1,"158":1,"160":1,"161":1,"162":1,"164":1,"166":1,"258":1,"259":1,"271":1,"274":6,"275":6,"277":1,"279":2,"281":1,"283":2,"288":1,"289":1,"291":1,"294":1,"302":1,"305":1,"306":1,"309":1,"310":1,"312":1,"313":1,"314":1,"315":1,"316":1,"317":1,"318":1,"320":1,"321":1,"323":1}},"/home/travis/build/npmtest/node-npmtest-sass-loader/sass-loader/lib/loader.js":{"path":"/home/travis/build/npmtest/node-npmtest-sass-loader/sass-loader/lib/loader.js","s":{"1":1,"2":1,"3":1,"4":1,"5":1,"6":1,"7":1,"8":1,"9":1,"10":1,"11":0,"12":0,"13":0,"14":0,"15":1,"16":0,"17":0,"18":0,"19":0,"20":0,"21":0,"22":0,"23":0,"24":0,"25":0,"26":0,"27":0,"28":0,"29":0,"30":0,"31":0,"32":0,"33":0,"34":0,"35":0,"36":0,"37":0,"38":0,"39":1},"b":{"1":[1,1],"2":[0,0],"3":[0,0],"4":[0,0],"5":[0,0],"6":[0,0],"7":[0,0]},"f":{"1":0,"2":0},"fnMap":{"1":{"name":"sassLoader","line":23,"loc":{"start":{"line":23,"column":0},"end":{"line":23,"column":29}}},"2":{"name":"addNormalizedDependency","line":29,"loc":{"start":{"line":29,"column":4},"end":{"line":29,"column":43}}}},"statementMap":{"1":{"start":{"line":3,"column":0},"end":{"line":3,"column":34}},"2":{"start":{"line":4,"column":0},"end":{"line":4,"column":29}},"3":{"start":{"line":5,"column":0},"end":{"line":5,"column":31}},"4":{"start":{"line":6,"column":0},"end":{"line":6,"column":53}},"5":{"start":{"line":7,"column":0},"end":{"line":7,"column":53}},"6":{"start":{"line":8,"column":0},"end":{"line":8,"column":55}},"7":{"start":{"line":9,"column":0},"end":{"line":9,"column":29}},"8":{"start":{"line":14,"column":0},"end":{"line":14,"column":59}},"9":{"start":{"line":15,"column":0},"end":{"line":15,"column":71}},"10":{"start":{"line":23,"column":0},"end":{"line":83,"column":1}},"11":{"start":{"line":24,"column":4},"end":{"line":24,"column":34}},"12":{"start":{"line":25,"column":4},"end":{"line":25,"column":50}},"13":{"start":{"line":26,"column":4},"end":{"line":26,"column":22}},"14":{"start":{"line":27,"column":4},"end":{"line":27,"column":43}},"15":{"start":{"line":29,"column":4},"end":{"line":32,"column":5}},"16":{"start":{"line":31,"column":8},"end":{"line":31,"column":46}},"17":{"start":{"line":34,"column":4},"end":{"line":36,"column":5}},"18":{"start":{"line":35,"column":8},"end":{"line":35,"column":139}},"19":{"start":{"line":38,"column":4},"end":{"line":38,"column":21}},"20":{"start":{"line":40,"column":4},"end":{"line":44,"column":7}},"21":{"start":{"line":47,"column":4},"end":{"line":50,"column":5}},"22":{"start":{"line":48,"column":8},"end":{"line":48,"column":27}},"23":{"start":{"line":49,"column":8},"end":{"line":49,"column":15}},"24":{"start":{"line":53,"column":4},"end":{"line":82,"column":7}},"25":{"start":{"line":54,"column":8},"end":{"line":59,"column":9}},"26":{"start":{"line":55,"column":12},"end":{"line":55,"column":52}},"27":{"start":{"line":56,"column":12},"end":{"line":56,"column":50}},"28":{"start":{"line":57,"column":12},"end":{"line":57,"column":26}},"29":{"start":{"line":58,"column":12},"end":{"line":58,"column":19}},"30":{"start":{"line":61,"column":8},"end":{"line":78,"column":9}},"31":{"start":{"line":62,"column":12},"end":{"line":62,"column":48}},"32":{"start":{"line":65,"column":12},"end":{"line":65,"column":35}},"33":{"start":{"line":70,"column":12},"end":{"line":70,"column":79}},"34":{"start":{"line":74,"column":12},"end":{"line":74,"column":74}},"35":{"start":{"line":75,"column":12},"end":{"line":75,"column":72}},"36":{"start":{"line":77,"column":12},"end":{"line":77,"column":30}},"37":{"start":{"line":80,"column":8},"end":{"line":80,"column":68}},"38":{"start":{"line":81,"column":8},"end":{"line":81,"column":58}},"39":{"start":{"line":85,"column":0},"end":{"line":85,"column":28}}},"branchMap":{"1":{"line":14,"type":"binary-expr","locations":[{"start":{"line":14,"column":23},"end":{"line":14,"column":53}},{"start":{"line":14,"column":57},"end":{"line":14,"column":58}}]},"2":{"line":34,"type":"if","locations":[{"start":{"line":34,"column":4},"end":{"line":34,"column":4}},{"start":{"line":34,"column":4},"end":{"line":34,"column":4}}]},"3":{"line":47,"type":"if","locations":[{"start":{"line":47,"column":4},"end":{"line":47,"column":4}},{"start":{"line":47,"column":4},"end":{"line":47,"column":4}}]},"4":{"line":54,"type":"if","locations":[{"start":{"line":54,"column":8},"end":{"line":54,"column":8}},{"start":{"line":54,"column":8},"end":{"line":54,"column":8}}]},"5":{"line":56,"type":"binary-expr","locations":[{"start":{"line":56,"column":12},"end":{"line":56,"column":20}},{"start":{"line":56,"column":24},"end":{"line":56,"column":49}}]},"6":{"line":61,"type":"if","locations":[{"start":{"line":61,"column":8},"end":{"line":61,"column":8}},{"start":{"line":61,"column":8},"end":{"line":61,"column":8}}]},"7":{"line":61,"type":"binary-expr","locations":[{"start":{"line":61,"column":12},"end":{"line":61,"column":22}},{"start":{"line":61,"column":26},"end":{"line":61,"column":45}}]}},"code":["\"use strict\";","","const sass = require(\"node-sass\");","const path = require(\"path\");","const async = require(\"async\");","const formatSassError = require(\"./formatSassError\");","const webpackImporter = require(\"./webpackImporter\");","const normalizeOptions = require(\"./normalizeOptions\");","const pify = require(\"pify\");","","// This queue makes sure node-sass leaves one thread available for executing","// fs tasks when running the custom importer code.","// This can be removed as soon as node-sass implements a fix for this.","const threadPoolSize = process.env.UV_THREADPOOL_SIZE || 4;","const asyncSassJobQueue = async.queue(sass.render, threadPoolSize - 1);","","/**"," * The sass-loader makes node-sass available to webpack modules."," *"," * @this {LoaderContext}"," * @param {string} content"," */","function sassLoader(content) {","    const callback = this.async();","    const isSync = typeof callback !== \"function\";","    const self = this;","    const resourcePath = this.resourcePath;","","    function addNormalizedDependency(file) {","        // node-sass returns POSIX paths","        self.dependency(path.normalize(file));","    }","","    if (isSync) {","        throw new Error(\"Synchronous compilation is not supported anymore. See https://github.com/webpack-contrib/sass-loader/issues/333\");","    }","","    this.cacheable();","","    const options = normalizeOptions(this, content, webpackImporter(","        resourcePath,","        pify(this.resolve.bind(this)),","        addNormalizedDependency","    ));","","    // Skip empty files, otherwise it will stop webpack, see issue #21","    if (options.data.trim() === \"\") {","        callback(null, \"\");","        return;","    }","","    // start the actual rendering","    asyncSassJobQueue.push(options, (err, result) => {","        if (err) {","            formatSassError(err, this.resourcePath);","            err.file && this.dependency(err.file);","            callback(err);","            return;","        }","","        if (result.map && result.map !== \"{}\") {","            result.map = JSON.parse(result.map);","            // result.map.file is an optional property that provides the output filename.","            // Since we don't know the final filename in the webpack build chain yet, it makes no sense to have it.","            delete result.map.file;","            // The first source is 'stdin' according to node-sass because we've used the data input.","            // Now let's override that value with the correct relative path.","            // Since we specified options.sourceMap = path.join(process.cwd(), \"/sass.map\"); in normalizeOptions,","            // we know that this path is relative to process.cwd(). This is how node-sass works.","            result.map.sources[0] = path.relative(process.cwd(), resourcePath);","            // node-sass returns POSIX paths, that's why we need to transform them back to native paths.","            // This fixes an error on windows where the source-map module cannot resolve the source maps.","            // @see https://github.com/webpack-contrib/sass-loader/issues/366#issuecomment-279460722","            result.map.sourceRoot = path.normalize(result.map.sourceRoot);","            result.map.sources = result.map.sources.map(path.normalize);","        } else {","            result.map = null;","        }","","        result.stats.includedFiles.forEach(addNormalizedDependency);","        callback(null, result.css.toString(), result.map);","    });","}","","module.exports = sassLoader;",""],"l":{"3":1,"4":1,"5":1,"6":1,"7":1,"8":1,"9":1,"14":1,"15":1,"23":1,"24":0,"25":0,"26":0,"27":0,"29":1,"31":0,"34":0,"35":0,"38":0,"40":0,"47":0,"48":0,"49":0,"53":0,"54":0,"55":0,"56":0,"57":0,"58":0,"61":0,"62":0,"65":0,"70":0,"74":0,"75":0,"77":0,"80":0,"81":0,"85":1}},"/home/travis/build/npmtest/node-npmtest-sass-loader/sass-loader/lib/formatSassError.js":{"path":"/home/travis/build/npmtest/node-npmtest-sass-loader/sass-loader/lib/formatSassError.js","s":{"1":1,"2":1,"3":1,"4":1,"5":1,"6":0,"7":0,"8":0,"9":0,"10":0,"11":0,"12":0,"13":0,"14":0,"15":1,"16":0,"17":0,"18":0,"19":0,"20":1},"b":{"1":[0,0],"2":[0,0]},"f":{"1":0,"2":0},"fnMap":{"1":{"name":"formatSassError","line":22,"loc":{"start":{"line":22,"column":0},"end":{"line":22,"column":44}}},"2":{"name":"getFileExcerptIfPossible","line":59,"loc":{"start":{"line":59,"column":0},"end":{"line":59,"column":39}}}},"statementMap":{"1":{"start":{"line":3,"column":0},"end":{"line":3,"column":29}},"2":{"start":{"line":4,"column":0},"end":{"line":4,"column":25}},"3":{"start":{"line":5,"column":0},"end":{"line":5,"column":25}},"4":{"start":{"line":8,"column":0},"end":{"line":14,"column":2}},"5":{"start":{"line":22,"column":0},"end":{"line":48,"column":1}},"6":{"start":{"line":25,"column":4},"end":{"line":25,"column":25}},"7":{"start":{"line":29,"column":4},"end":{"line":31,"column":5}},"8":{"start":{"line":30,"column":8},"end":{"line":30,"column":15}},"9":{"start":{"line":33,"column":4},"end":{"line":33,"column":26}},"10":{"start":{"line":35,"column":4},"end":{"line":37,"column":5}},"11":{"start":{"line":36,"column":8},"end":{"line":36,"column":32}},"12":{"start":{"line":39,"column":4},"end":{"line":39,"column":40}},"13":{"start":{"line":43,"column":4},"end":{"line":43,"column":48}},"14":{"start":{"line":45,"column":4},"end":{"line":47,"column":87}},"15":{"start":{"line":59,"column":0},"end":{"line":71,"column":1}},"16":{"start":{"line":60,"column":4},"end":{"line":70,"column":5}},"17":{"start":{"line":61,"column":8},"end":{"line":61,"column":58}},"18":{"start":{"line":63,"column":8},"end":{"line":66,"column":21}},"19":{"start":{"line":69,"column":8},"end":{"line":69,"column":18}},"20":{"start":{"line":73,"column":0},"end":{"line":73,"column":33}}},"branchMap":{"1":{"line":29,"type":"if","locations":[{"start":{"line":29,"column":4},"end":{"line":29,"column":4}},{"start":{"line":29,"column":4},"end":{"line":29,"column":4}}]},"2":{"line":35,"type":"if","locations":[{"start":{"line":35,"column":4},"end":{"line":35,"column":4}},{"start":{"line":35,"column":4},"end":{"line":35,"column":4}}]}},"code":["\"use strict\";","","const path = require(\"path\");","const os = require(\"os\");","const fs = require(\"fs\");","","// A typical sass error looks like this","const SassError = { // eslint-disable-line no-unused-vars","    message: \"invalid property name\",","    column: 14,","    line: 1,","    file: \"stdin\",","    status: 1","};","","/**"," * Enhances the sass error with additional information about what actually went wrong."," *"," * @param {SassError} err"," * @param {string} resourcePath"," */","function formatSassError(err, resourcePath) {","    // Instruct webpack to hide the JS stack from the console","    // Usually you're only interested in the SASS stack in this case.","    err.hideStack = true;","","    // The file property is missing in rare cases.","    // No improvement in the error is possible.","    if (!err.file) {","        return;","    }","","    let msg = err.message;","","    if (err.file === \"stdin\") {","        err.file = resourcePath;","    }","    // node-sass returns UNIX-style paths","    err.file = path.normalize(err.file);","","    // The 'Current dir' hint of node-sass does not help us, we're providing","    // additional information by reading the err.file property","    msg = msg.replace(/\\s*Current dir:\\s*/, \"\");","","    err.message = getFileExcerptIfPossible(err) +","        msg.charAt(0).toUpperCase() + msg.slice(1) + os.EOL +","        \"      in \" + err.file + \" (line \" + err.line + \", column \" + err.column + \")\";","}","","/**"," * Tries to get an excerpt of the file where the error happened."," * Uses err.line and err.column."," *"," * Returns an empty string if the excerpt could not be retrieved."," *"," * @param {SassError} err"," * @returns {string}"," */","function getFileExcerptIfPossible(err) {","    try {","        const content = fs.readFileSync(err.file, \"utf8\");","","        return os.EOL +","            content.split(os.EOL)[err.line - 1] + os.EOL +","            new Array(err.column - 1).join(\" \") + \"^\" + os.EOL +","            \"      \";","    } catch (err) {","        // If anything goes wrong here, we don't want any errors to be reported to the user","        return \"\";","    }","}","","module.exports = formatSassError;",""],"l":{"3":1,"4":1,"5":1,"8":1,"22":1,"25":0,"29":0,"30":0,"33":0,"35":0,"36":0,"39":0,"43":0,"45":0,"59":1,"60":0,"61":0,"63":0,"69":0,"73":1}},"/home/travis/build/npmtest/node-npmtest-sass-loader/sass-loader/lib/webpackImporter.js":{"path":"/home/travis/build/npmtest/node-npmtest-sass-loader/sass-loader/lib/webpackImporter.js","s":{"1":1,"2":1,"3":1,"4":1,"5":1,"6":1,"7":1,"8":0,"9":1,"10":0,"11":0,"12":0,"13":0,"14":0,"15":0,"16":0,"17":1},"b":{"1":[0,0],"2":[0,0]},"f":{"1":0,"2":0,"3":0},"fnMap":{"1":{"name":"webpackImporter","line":37,"loc":{"start":{"line":37,"column":0},"end":{"line":37,"column":73}}},"2":{"name":"dirContextFrom","line":38,"loc":{"start":{"line":38,"column":4},"end":{"line":38,"column":41}}},"3":{"name":"startResolving","line":45,"loc":{"start":{"line":45,"column":4},"end":{"line":45,"column":51}}}},"statementMap":{"1":{"start":{"line":19,"column":0},"end":{"line":19,"column":29}},"2":{"start":{"line":20,"column":0},"end":{"line":20,"column":38}},"3":{"start":{"line":21,"column":0},"end":{"line":21,"column":36}},"4":{"start":{"line":22,"column":0},"end":{"line":22,"column":55}},"5":{"start":{"line":24,"column":0},"end":{"line":24,"column":26}},"6":{"start":{"line":37,"column":0},"end":{"line":71,"column":1}},"7":{"start":{"line":38,"column":4},"end":{"line":43,"column":5}},"8":{"start":{"line":39,"column":8},"end":{"line":42,"column":10}},"9":{"start":{"line":45,"column":4},"end":{"line":61,"column":5}},"10":{"start":{"line":46,"column":8},"end":{"line":60,"column":19}},"11":{"start":{"line":52,"column":20},"end":{"line":52,"column":58}},"12":{"start":{"line":53,"column":20},"end":{"line":56,"column":22}},"13":{"start":{"line":57,"column":25},"end":{"line":60,"column":17}},"14":{"start":{"line":63,"column":4},"end":{"line":70,"column":6}},"15":{"start":{"line":64,"column":8},"end":{"line":69,"column":24}},"16":{"start":{"line":68,"column":26},"end":{"line":68,"column":39}},"17":{"start":{"line":73,"column":0},"end":{"line":73,"column":33}}},"branchMap":{"1":{"line":41,"type":"cond-expr","locations":[{"start":{"line":41,"column":38},"end":{"line":41,"column":50}},{"start":{"line":41,"column":53},"end":{"line":41,"column":64}}]},"2":{"line":46,"type":"cond-expr","locations":[{"start":{"line":47,"column":12},"end":{"line":47,"column":28}},{"start":{"line":48,"column":12},"end":{"line":60,"column":18}}]}},"code":["\"use strict\";","","/**"," * @name PromisedResolve"," * @type {Function}"," * @param {string} dir"," * @param {string} request"," * @returns Promise"," */","","/**"," * @name Importer"," * @type {Function}"," * @param {string} url"," * @param {string} prev"," * @param {Function<Error, string>} done"," */","","const path = require(\"path\");","const utils = require(\"loader-utils\");","const tail = require(\"lodash.tail\");","const importsToResolve = require(\"./importsToResolve\");","","const matchCss = /\\.css$/;","","/**"," * Returns an importer that uses webpack's resolving algorithm."," *"," * It's important that the returned function has the correct number of arguments"," * (based on whether the call is sync or async) because otherwise node-sass doesn't exit."," *"," * @param {string} resourcePath"," * @param {PromisedResolve} resolve"," * @param {Function<string>} addNormalizedDependency"," * @returns {Importer}"," */","function webpackImporter(resourcePath, resolve, addNormalizedDependency) {","    function dirContextFrom(fileContext) {","        return path.dirname(","            // The first file is 'stdin' when we're using the data option","            fileContext === \"stdin\" ? resourcePath : fileContext","        );","    }","","    function startResolving(dir, importsToResolve) {","        return importsToResolve.length === 0 ?","            Promise.reject() :","            resolve(dir, importsToResolve[0])","                .then(resolvedFile => {","                    // Add the resolvedFilename as dependency. Although we're also using stats.includedFiles, this might come","                    // in handy when an error occurs. In this case, we don't get stats.includedFiles from node-sass.","                    addNormalizedDependency(resolvedFile);","                    return {","                        // By removing the CSS file extension, we trigger node-sass to include the CSS file instead of just linking it.","                        file: resolvedFile.replace(matchCss, \"\")","                    };","                }, () => startResolving(","                    dir,","                    tail(importsToResolve)","                ));","    }","","    return (url, prev, done) => {","        startResolving(","            dirContextFrom(prev),","            importsToResolve(utils.urlToRequest(url))","        ) // Catch all resolving errors, return the original file and pass responsibility back to other custom importers","            .catch(() => ({ file: url }))","            .then(done);","    };","}","","module.exports = webpackImporter;",""],"l":{"19":1,"20":1,"21":1,"22":1,"24":1,"37":1,"38":1,"39":0,"45":1,"46":0,"52":0,"53":0,"57":0,"63":0,"64":0,"68":0,"73":1}},"/home/travis/build/npmtest/node-npmtest-sass-loader/sass-loader/lib/importsToResolve.js":{"path":"/home/travis/build/npmtest/node-npmtest-sass-loader/sass-loader/lib/importsToResolve.js","s":{"1":1,"2":1,"3":1,"4":0,"5":0,"6":0,"7":0,"8":0,"9":0,"10":0,"11":0,"12":0,"13":0,"14":0,"15":1},"b":{"1":[0,0],"2":[0,0],"3":[0,0,0,0,0,0,0],"4":[0,0]},"f":{"1":0},"fnMap":{"1":{"name":"importsToResolve","line":16,"loc":{"start":{"line":16,"column":0},"end":{"line":16,"column":35}}}},"statementMap":{"1":{"start":{"line":3,"column":0},"end":{"line":3,"column":29}},"2":{"start":{"line":6,"column":0},"end":{"line":6,"column":49}},"3":{"start":{"line":16,"column":0},"end":{"line":47,"column":1}},"4":{"start":{"line":27,"column":4},"end":{"line":27,"column":38}},"5":{"start":{"line":28,"column":4},"end":{"line":28,"column":44}},"6":{"start":{"line":29,"column":4},"end":{"line":29,"column":42}},"7":{"start":{"line":30,"column":4},"end":{"line":30,"column":60}},"8":{"start":{"line":33,"column":4},"end":{"line":33,"column":72}},"9":{"start":{"line":34,"column":4},"end":{"line":34,"column":37}},"10":{"start":{"line":35,"column":4},"end":{"line":35,"column":58}},"11":{"start":{"line":37,"column":4},"end":{"line":46,"column":14}},"12":{"start":{"line":41,"column":24},"end":{"line":41,"column":44}},"13":{"start":{"line":43,"column":41},"end":{"line":43,"column":55}},"14":{"start":{"line":45,"column":24},"end":{"line":45,"column":44}},"15":{"start":{"line":49,"column":0},"end":{"line":49,"column":34}}},"branchMap":{"1":{"line":33,"type":"binary-expr","locations":[{"start":{"line":33,"column":27},"end":{"line":33,"column":52}},{"start":{"line":33,"column":56},"end":{"line":33,"column":71}}]},"2":{"line":35,"type":"binary-expr","locations":[{"start":{"line":35,"column":23},"end":{"line":35,"column":38}},{"start":{"line":35,"column":42},"end":{"line":35,"column":57}}]},"3":{"line":37,"type":"binary-expr","locations":[{"start":{"line":37,"column":12},"end":{"line":37,"column":26}},{"start":{"line":37,"column":30},"end":{"line":37,"column":39}},{"start":{"line":38,"column":9},"end":{"line":38,"column":18}},{"start":{"line":38,"column":22},"end":{"line":38,"column":24}},{"start":{"line":39,"column":9},"end":{"line":39,"column":19}},{"start":{"line":39,"column":23},"end":{"line":39,"column":32}},{"start":{"line":40,"column":8},"end":{"line":46,"column":13}}]},"4":{"line":40,"type":"cond-expr","locations":[{"start":{"line":40,"column":32},"end":{"line":40,"column":34}},{"start":{"line":40,"column":37},"end":{"line":40,"column":50}}]}},"code":["\"use strict\";","","const path = require(\"path\");","","// libsass uses this precedence when importing files without extension","const extPrecedence = [\".scss\", \".sass\", \".css\"];","","/**"," * When libsass tries to resolve an import, it uses a special algorithm."," * Since the sass-loader uses webpack to resolve the modules, we need to simulate that algorithm. This function"," * returns an array of import paths to try."," *"," * @param {string} request"," * @returns {Array<string>}"," */","function importsToResolve(request) {","    // libsass' import algorithm works like this:","    // In case there is no file extension...","    //   - Prefer modules starting with '_'.","    //   - File extension precedence: .scss, .sass, .css.","    // In case there is a file extension...","    //   - If the file is a CSS-file, do not include it all, but just link it via @import url().","    //   - The exact file name must match (no auto-resolving of '_'-modules).","","    // Keep in mind: ext can also be something like '.datepicker' when the true extension is omitted and the filename contains a dot.","    // @see https://github.com/webpack-contrib/sass-loader/issues/167","    const ext = path.extname(request);","    const basename = path.basename(request);","    const dirname = path.dirname(request);","    const startsWithUnderscore = basename.charAt(0) === \"_\";","    // a module import is an identifier like 'bootstrap-sass'","    // We also need to check for dirname since it might also be a deep import like 'bootstrap-sass/something'","    const isModuleImport = request.charAt(0) !== \".\" && dirname === \".\";","    const hasCssExt = ext === \".css\";","    const hasSassExt = ext === \".scss\" || ext === \".sass\";","","    return (isModuleImport && [request]) || // Do not modify module imports","        (hasCssExt && []) || // Do not import css files","        (hasSassExt && [request]) || // Do not modify imports with explicit extensions","        (startsWithUnderscore ? [] : extPrecedence) // Do not add underscore imports if there is already an underscore","            .map(ext => \"_\" + basename + ext)","            .concat(","                extPrecedence.map(ext => basename + ext)","            ).map(","                file => dirname + \"/\" + file // No path.sep required here, because imports inside SASS are usually with /","            );","}","","module.exports = importsToResolve;",""],"l":{"3":1,"6":1,"16":1,"27":0,"28":0,"29":0,"30":0,"33":0,"34":0,"35":0,"37":0,"41":0,"43":0,"45":0,"49":1}},"/home/travis/build/npmtest/node-npmtest-sass-loader/sass-loader/lib/normalizeOptions.js":{"path":"/home/travis/build/npmtest/node-npmtest-sass-loader/sass-loader/lib/normalizeOptions.js","s":{"1":1,"2":1,"3":1,"4":1,"5":1,"6":1,"7":0,"8":0,"9":0,"10":0,"11":0,"12":0,"13":0,"14":0,"15":0,"16":0,"17":0,"18":0,"19":0,"20":0,"21":0,"22":0,"23":0,"24":0,"25":0,"26":0,"27":0,"28":0,"29":1},"b":{"1":[0,0],"2":[0,0],"3":[0,0],"4":[0,0],"5":[0,0],"6":[0,0],"7":[0,0],"8":[0,0],"9":[0,0],"10":[0,0,0],"11":[0,0],"12":[0,0]},"f":{"1":0},"fnMap":{"1":{"name":"normalizeOptions","line":20,"loc":{"start":{"line":20,"column":0},"end":{"line":20,"column":67}}}},"statementMap":{"1":{"start":{"line":3,"column":0},"end":{"line":3,"column":25}},"2":{"start":{"line":4,"column":0},"end":{"line":4,"column":38}},"3":{"start":{"line":5,"column":0},"end":{"line":5,"column":40}},"4":{"start":{"line":6,"column":0},"end":{"line":6,"column":29}},"5":{"start":{"line":7,"column":0},"end":{"line":7,"column":63}},"6":{"start":{"line":20,"column":0},"end":{"line":76,"column":1}},"7":{"start":{"line":21,"column":4},"end":{"line":21,"column":69}},"8":{"start":{"line":22,"column":4},"end":{"line":22,"column":52}},"9":{"start":{"line":24,"column":4},"end":{"line":24,"column":78}},"10":{"start":{"line":27,"column":4},"end":{"line":29,"column":5}},"11":{"start":{"line":28,"column":8},"end":{"line":28,"column":43}},"12":{"start":{"line":34,"column":4},"end":{"line":55,"column":5}},"13":{"start":{"line":41,"column":8},"end":{"line":41,"column":66}},"14":{"start":{"line":42,"column":8},"end":{"line":44,"column":9}},"15":{"start":{"line":43,"column":12},"end":{"line":43,"column":50}},"16":{"start":{"line":45,"column":8},"end":{"line":49,"column":9}},"17":{"start":{"line":48,"column":12},"end":{"line":48,"column":44}},"18":{"start":{"line":50,"column":8},"end":{"line":54,"column":9}},"19":{"start":{"line":53,"column":12},"end":{"line":53,"column":45}},"20":{"start":{"line":58,"column":4},"end":{"line":58,"column":43}},"21":{"start":{"line":61,"column":4},"end":{"line":65,"column":5}},"22":{"start":{"line":62,"column":8},"end":{"line":62,"column":38}},"23":{"start":{"line":64,"column":8},"end":{"line":64,"column":65}},"24":{"start":{"line":68,"column":4},"end":{"line":68,"column":100}},"25":{"start":{"line":69,"column":4},"end":{"line":69,"column":43}},"26":{"start":{"line":72,"column":4},"end":{"line":72,"column":54}},"27":{"start":{"line":73,"column":4},"end":{"line":73,"column":58}},"28":{"start":{"line":75,"column":4},"end":{"line":75,"column":19}},"29":{"start":{"line":78,"column":0},"end":{"line":78,"column":34}}},"branchMap":{"1":{"line":21,"type":"binary-expr","locations":[{"start":{"line":21,"column":20},"end":{"line":21,"column":62}},{"start":{"line":21,"column":66},"end":{"line":21,"column":68}}]},"2":{"line":24,"type":"cond-expr","locations":[{"start":{"line":24,"column":35},"end":{"line":24,"column":66}},{"start":{"line":24,"column":70},"end":{"line":24,"column":77}}]},"3":{"line":27,"type":"if","locations":[{"start":{"line":27,"column":4},"end":{"line":27,"column":4}},{"start":{"line":27,"column":4},"end":{"line":27,"column":4}}]},"4":{"line":27,"type":"binary-expr","locations":[{"start":{"line":27,"column":8},"end":{"line":27,"column":28}},{"start":{"line":27,"column":32},"end":{"line":27,"column":54}}]},"5":{"line":34,"type":"if","locations":[{"start":{"line":34,"column":4},"end":{"line":34,"column":4}},{"start":{"line":34,"column":4},"end":{"line":34,"column":4}}]},"6":{"line":42,"type":"if","locations":[{"start":{"line":42,"column":8},"end":{"line":42,"column":8}},{"start":{"line":42,"column":8},"end":{"line":42,"column":8}}]},"7":{"line":45,"type":"if","locations":[{"start":{"line":45,"column":8},"end":{"line":45,"column":8}},{"start":{"line":45,"column":8},"end":{"line":45,"column":8}}]},"8":{"line":50,"type":"if","locations":[{"start":{"line":50,"column":8},"end":{"line":50,"column":8}},{"start":{"line":50,"column":8},"end":{"line":50,"column":8}}]},"9":{"line":61,"type":"if","locations":[{"start":{"line":61,"column":4},"end":{"line":61,"column":4}},{"start":{"line":61,"column":4},"end":{"line":61,"column":4}}]},"10":{"line":61,"type":"binary-expr","locations":[{"start":{"line":61,"column":8},"end":{"line":61,"column":11}},{"start":{"line":61,"column":15},"end":{"line":61,"column":44}},{"start":{"line":61,"column":48},"end":{"line":61,"column":85}}]},"11":{"line":68,"type":"cond-expr","locations":[{"start":{"line":68,"column":42},"end":{"line":68,"column":94}},{"start":{"line":68,"column":97},"end":{"line":68,"column":99}}]},"12":{"line":72,"type":"binary-expr","locations":[{"start":{"line":72,"column":27},"end":{"line":72,"column":47}},{"start":{"line":72,"column":51},"end":{"line":72,"column":53}}]}},"code":["\"use strict\";","","const os = require(\"os\");","const utils = require(\"loader-utils\");","const cloneDeep = require(\"clone-deep\");","const path = require(\"path\");","const proxyCustomImporters = require(\"./proxyCustomImporters\");","","/**"," * Derives the sass options from the loader context and normalizes its values with sane defaults."," *"," * Please note: If loaderContext.query is an options object, it will be re-used across multiple invocations."," * That's why we must not modify the object directly."," *"," * @param {LoaderContext} loaderContext"," * @param {string} content"," * @param {Function} webpackImporter"," * @returns {Object}"," */","function normalizeOptions(loaderContext, content, webpackImporter) {","    const options = cloneDeep(utils.getOptions(loaderContext)) || {};","    const resourcePath = loaderContext.resourcePath;","","    options.data = options.data ? (options.data + os.EOL + content) : content;","","    // opt.outputStyle","    if (!options.outputStyle && loaderContext.minimize) {","        options.outputStyle = \"compressed\";","    }","","    // opt.sourceMap","    // Not using the `this.sourceMap` flag because css source maps are different","    // @see https://github.com/webpack/css-loader/pull/40","    if (options.sourceMap) {","        // Deliberately overriding the sourceMap option here.","        // node-sass won't produce source maps if the data option is used and options.sourceMap is not a string.","        // In case it is a string, options.sourceMap should be a path where the source map is written.","        // But since we're using the data option, the source map will not actually be written, but","        // all paths in sourceMap.sources will be relative to that path.","        // Pretty complicated... :(","        options.sourceMap = path.join(process.cwd(), \"/sass.map\");","        if (\"sourceMapRoot\" in options === false) {","            options.sourceMapRoot = process.cwd();","        }","        if (\"omitSourceMapUrl\" in options === false) {","            // The source map url doesn't make sense because we don't know the output path","            // The css-loader will handle that for us","            options.omitSourceMapUrl = true;","        }","        if (\"sourceMapContents\" in options === false) {","            // If sourceMapContents option is not set, set it to true otherwise maps will be empty/null","            // when exported by webpack-extract-text-plugin.","            options.sourceMapContents = true;","        }","    }","","    // indentedSyntax is a boolean flag.","    const ext = path.extname(resourcePath);","","    // If we are compiling sass and indentedSyntax isn't set, automatically set it.","    if (ext && ext.toLowerCase() === \".sass\" && \"indentedSyntax\" in options === false) {","        options.indentedSyntax = true;","    } else {","        options.indentedSyntax = Boolean(options.indentedSyntax);","    }","","    // Allow passing custom importers to `node-sass`. Accepts `Function` or an array of `Function`s.","    options.importer = options.importer ? proxyCustomImporters(options.importer, resourcePath) : [];","    options.importer.push(webpackImporter);","","    // `node-sass` uses `includePaths` to resolve `@import` paths. Append the currently processed file.","    options.includePaths = options.includePaths || [];","    options.includePaths.push(path.dirname(resourcePath));","","    return options;","}","","module.exports = normalizeOptions;",""],"l":{"3":1,"4":1,"5":1,"6":1,"7":1,"20":1,"21":0,"22":0,"24":0,"27":0,"28":0,"34":0,"41":0,"42":0,"43":0,"45":0,"48":0,"50":0,"53":0,"58":0,"61":0,"62":0,"64":0,"68":0,"69":0,"72":0,"73":0,"75":0,"78":1}},"/home/travis/build/npmtest/node-npmtest-sass-loader/sass-loader/lib/proxyCustomImporters.js":{"path":"/home/travis/build/npmtest/node-npmtest-sass-loader/sass-loader/lib/proxyCustomImporters.js","s":{"1":1,"2":0,"3":0,"4":0,"5":0,"6":1},"b":{"1":[0,0],"2":[0,0]},"f":{"1":0,"2":0},"fnMap":{"1":{"name":"proxyCustomImporters","line":17,"loc":{"start":{"line":17,"column":0},"end":{"line":17,"column":54}}},"2":{"name":"(anonymous_2)","line":19,"loc":{"start":{"line":19,"column":15},"end":{"line":19,"column":42}}}},"statementMap":{"1":{"start":{"line":17,"column":0},"end":{"line":27,"column":1}},"2":{"start":{"line":18,"column":4},"end":{"line":26,"column":7}},"3":{"start":{"line":19,"column":8},"end":{"line":25,"column":10}},"4":{"start":{"line":20,"column":12},"end":{"line":24,"column":14}},"5":{"start":{"line":23,"column":37},"end":{"line":23,"column":84}},"6":{"start":{"line":29,"column":0},"end":{"line":29,"column":38}}},"branchMap":{"1":{"line":23,"type":"cond-expr","locations":[{"start":{"line":23,"column":66},"end":{"line":23,"column":78}},{"start":{"line":23,"column":81},"end":{"line":23,"column":84}}]},"2":{"line":23,"type":"binary-expr","locations":[{"start":{"line":23,"column":37},"end":{"line":23,"column":44}},{"start":{"line":23,"column":48},"end":{"line":23,"column":63}}]}},"code":["\"use strict\";","","/**"," * Creates new custom importers that use the given `resourcePath` if libsass calls the custom importer with `prev`"," * being 'stdin'."," *"," * Why do we need this? We have to use the `data` option of node-sass in order to compile our sass because"," * the `resourcePath` might not be an actual file on disk. When using the `data` option, libsass uses the string"," * 'stdin' instead of a filename."," *"," * We have to fix this behavior in order to provide a consistent experience to the webpack user."," *"," * @param {function|Array<function>} importer"," * @param {string} resourcePath"," * @returns {Array<function>}"," */","function proxyCustomImporters(importer, resourcePath) {","    return [].concat(importer).map((importer) => {","        return function (url, prev, done) {","            return importer.apply(","                this, // eslint-disable-line no-invalid-this","                Array.from(arguments)","                    .map((arg, i) => i === 1 && arg === \"stdin\" ? resourcePath : arg)","            );","        };","    });","}","","module.exports = proxyCustomImporters;",""],"l":{"17":1,"18":0,"19":0,"20":0,"23":0,"29":1}}}